iter:  0  f-value:  0.2041566  pgrad:  0.8958948 
iter:  0  f-value:  0.2566108  pgrad:  0.5186886 
iter:  0  f-value:  0.1728462  pgrad:  0.8989614 
iter:  0  f-value:  0.03254953  pgrad:  0.8902704 
iter:  0  f-value:  0.07833615  pgrad:  0.8981999 
iter:  0  f-value:  0.1750714  pgrad:  0.8986275 
iter:  0  f-value:  0.2866977  pgrad:  0.8997618 
iter:  0  f-value:  0.1603518  pgrad:  0.8984493 
iter:  0  f-value:  0.1526493  pgrad:  0.8973695 
iter:  0  f-value:  0.1257085  pgrad:  0.8997139 
iter:  0  f-value:  0.3316279  pgrad:  0.880749 
iter:  0  f-value:  0.1697474  pgrad:  0.8962903 
iter:  0  f-value:  0.2756123  pgrad:  0.8997431 
iter:  0  f-value:  0.1003286  pgrad:  0.8889039 
iter:  0  f-value:  0.1924472  pgrad:  0.8987429 
iter:  0  f-value:  0.2475628  pgrad:  0.8996963 
iter:  0  f-value:  0.1698521  pgrad:  0.8958351 
iter:  0  f-value:  0.3268048  pgrad:  0.8970904 
iter:  0  f-value:  0.1825911  pgrad:  0.8960576 
iter:  0  f-value:  0.2240938  pgrad:  0.899088 
iter:  0  f-value:  0.1503367  pgrad:  0.8958663 
iter:  0  f-value:  0.1532846  pgrad:  0.8951744 
iter:  0  f-value:  0.1315707  pgrad:  0.8956988 
iter:  0  f-value:  0.2595217  pgrad:  0.8949417 
iter:  0  f-value:  0.1784432  pgrad:  0.8975721 
iter:  0  f-value:  0.1114612  pgrad:  0.8878612 
iter:  0  f-value:  0.1036809  pgrad:  0.890641 
iter:  0  f-value:  0.1090043  pgrad:  0.8956546 
iter:  0  f-value:  0.1413457  pgrad:  0.8984728 
iter:  0  f-value:  0.2439507  pgrad:  0.8992844 
iter:  0  f-value:  0.2157148  pgrad:  0.8999995 
iter:  0  f-value:  0.2119363  pgrad:  0.8988841 
iter:  0  f-value:  0.0862646  pgrad:  0.8907709 
iter:  0  f-value:  0.05993446  pgrad:  0.8880106 
iter:  0  f-value:  0.1276496  pgrad:  0.8945066 
iter:  0  f-value:  0.1434643  pgrad:  0.8937362 
iter:  0  f-value:  0.2819121  pgrad:  0.8914761 
iter:  0  f-value:  0.0695941  pgrad:  0.890837 
iter:  0  f-value:  0.2765983  pgrad:  0.8981613 
iter:  0  f-value:  0.1423776  pgrad:  0.899301 
iter:  0  f-value:  0.1698435  pgrad:  0.8935954 
iter:  0  f-value:  0.1837908  pgrad:  0.8985611 
iter:  0  f-value:  0.194105  pgrad:  0.8988842 
iter:  0  f-value:  0.2045027  pgrad:  0.8878612 
iter:  0  f-value:  0.1982422  pgrad:  0.8967907 
iter:  0  f-value:  0.2947227  pgrad:  0.5125617 
iter:  0  f-value:  0.1057624  pgrad:  0.882223 
iter:  0  f-value:  0.1710552  pgrad:  0.8984734 
iter:  0  f-value:  0.2621985  pgrad:  0.8967468 
iter:  0  f-value:  0.1258914  pgrad:  0.8992667 
iter:  10  f-value:  0.005291736  pgrad:  0.9014657 
iter:  10  f-value:  0.0001699486  pgrad:  0.456505 
iter:  10  f-value:  0.002121249  pgrad:  0.5042544 
iter:  10  f-value:  0.001913548  pgrad:  0.5185994 
iter:  10  f-value:  0.001641015  pgrad:  0.5085907 
iter:  10  f-value:  0.0004970653  pgrad:  0.6697679 
iter:  10  f-value:  0.0003702543  pgrad:  0.355505 
iter:  10  f-value:  0.001312502  pgrad:  0.8301476 
iter:  10  f-value:  9.39581e-05  pgrad:  0.2935296 
iter:  10  f-value:  0.001966407  pgrad:  0.5073795 
iter:  10  f-value:  0.001419908  pgrad:  0.5195877 
iter:  10  f-value:  0.0005136427  pgrad:  0.5065914 
iter:  10  f-value:  0.0005963333  pgrad:  0.4158215 
iter:  10  f-value:  0.002999191  pgrad:  0.5171768 
iter:  10  f-value:  5.669848e-05  pgrad:  0.2197731 
iter:  10  f-value:  0.005268077  pgrad:  0.5141478 
iter:  10  f-value:  0.000317247  pgrad:  0.4391685 
iter:  10  f-value:  0.0008878829  pgrad:  0.3353881 
iter:  10  f-value:  0.0003321119  pgrad:  0.4961506 
iter:  10  f-value:  0.0008567283  pgrad:  0.511905 
iter:  10  f-value:  0.0004454998  pgrad:  0.2386401 
iter:  10  f-value:  0.005075282  pgrad:  0.5151982 
iter:  10  f-value:  0.0002801921  pgrad:  0.2599879 
iter:  10  f-value:  0.0132393  pgrad:  0.5279408 
iter:  10  f-value:  0.001663856  pgrad:  0.452232 
iter:  10  f-value:  0.0002728419  pgrad:  0.3745158 
iter:  10  f-value:  0.01013426  pgrad:  0.5210247 
iter:  10  f-value:  0.0004626877  pgrad:  0.9033535 
iter:  10  f-value:  0.000323574  pgrad:  0.4355966 
iter:  10  f-value:  0.0002241852  pgrad:  0.2477696 
iter:  10  f-value:  0.0001521981  pgrad:  0.2755243 
iter:  10  f-value:  0.002835959  pgrad:  0.5207898 
iter:  10  f-value:  0.002063563  pgrad:  0.6726281 
iter:  10  f-value:  0.0001167459  pgrad:  0.1967037 
iter:  10  f-value:  0.0002586207  pgrad:  0.3354235 
iter:  10  f-value:  0.004233573  pgrad:  0.5154928 
iter:  10  f-value:  0.001852146  pgrad:  0.4527892 
iter:  10  f-value:  0.000111331  pgrad:  0.1895332 
iter:  10  f-value:  0.001183566  pgrad:  0.3152697 
iter:  10  f-value:  4.26141e-05  pgrad:  0.1398674 
iter:  20  f-value:  6.391856e-06  pgrad:  0.1754307 
iter:  10  f-value:  0.0007443795  pgrad:  0.3378236 
iter:  10  f-value:  0.0003194383  pgrad:  0.203878 
iter:  20  f-value:  2.179554e-06  pgrad:  0.09094599 
iter:  20  f-value:  2.762961e-08  pgrad:  0.006549624 
iter:  20  f-value:  1.095941e-07  pgrad:  0.02425762 
iter:  20  f-value:  2.950689e-06  pgrad:  0.1287422 
iter:  20  f-value:  4.103637e-06  pgrad:  0.1594955 
iter:  20  f-value:  1.715291e-06  pgrad:  0.1245807 
iter:  20  f-value:  6.170443e-07  pgrad:  0.08491073 
iter:  10  f-value:  0.0004281587  pgrad:  0.4350546 
iter:  20  f-value:  7.385618e-05  pgrad:  0.9001244 
iter:  20  f-value:  0.0001068191  pgrad:  0.7721097 
iter:  20  f-value:  7.950921e-09  pgrad:  0.004340138 
iter:  10  f-value:  0.01064691  pgrad:  0.5190598 
iter:  20  f-value:  0.0002323342  pgrad:  0.8967052 
iter:  20  f-value:  2.330582e-07  pgrad:  0.01948497 
iter:  20  f-value:  7.761379e-08  pgrad:  0.01018546 
iter:  20  f-value:  3.171236e-09  pgrad:  0.0006896065 
iter:  20  f-value:  1.149778e-08  pgrad:  0.004182318 
iter:  20  f-value:  1.930315e-05  pgrad:  0.2908437 
iter:  20  f-value:  2.456517e-06  pgrad:  0.06164167 
iter:  20  f-value:  6.618134e-08  pgrad:  0.01612531 
iter:  20  f-value:  6.031362e-07  pgrad:  0.0392989 
iter:  20  f-value:  4.398901e-07  pgrad:  0.02189186 
iter:  10  f-value:  0.004900954  pgrad:  0.5126657 
iter:  20  f-value:  4.685802e-05  pgrad:  0.2005698 
iter:  20  f-value:  3.529914e-06  pgrad:  0.0483256 
iter:  10  f-value:  0.0007148829  pgrad:  0.4428273 
iter:  20  f-value:  1.110817e-06  pgrad:  0.06632151 
iter:  20  f-value:  0.0001836831  pgrad:  0.905183 
iter:  20  f-value:  9.677568e-09  pgrad:  0.001503129 
iter:  20  f-value:  9.190794e-06  pgrad:  0.2370933 
iter:  20  f-value:  3.576492e-07  pgrad:  0.02111144 
iter:  10  f-value:  0.006400301  pgrad:  0.8089061 
iter:  20  f-value:  3.015311e-05  pgrad:  0.4791658 
iter:  20  f-value:  2.415308e-05  pgrad:  0.3647337 
iter:  10  f-value:  0.007746239  pgrad:  0.5214965 
iter:  10  f-value:  0.0001638228  pgrad:  0.2385858 
iter:  10  f-value:  0.0002599465  pgrad:  0.3569044 
iter:  30  f-value:  7.554539e-09  pgrad:  0.001227261 
iter:  20  f-value:  4.291529e-07  pgrad:  0.03586321 
iter:  30  f-value:  4.644437e-09  pgrad:  0.001579536 
iter:  30  f-value:  3.114685e-08  pgrad:  0.0008058365 
iter:  20  f-value:  6.426849e-08  pgrad:  0.008117411 
iter:  20  f-value:  0.0001496069  pgrad:  0.9039797 
iter:  30  f-value:  7.266454e-08  pgrad:  0.002315556 
iter:  20  f-value:  6.587739e-07  pgrad:  0.08368434 
iter:  20  f-value:  1.7469e-07  pgrad:  0.0232185 
iter:  20  f-value:  4.36619e-08  pgrad:  0.002627108 
iter:  20  f-value:  1.68401e-07  pgrad:  0.01030026 
iter:  30  f-value:  1.039545e-08  pgrad:  0.0003772093 
iter:  30  f-value:  9.318839e-09  pgrad:  0.002527085 
iter:  30  f-value:  4.805256e-09  pgrad:  8.69085e-05 
iter:  30  f-value:  7.559328e-09  pgrad:  0.0003868114 
iter:  30  f-value:  1.618775e-08  pgrad:  0.001229404 
iter:  30  f-value:  6.580956e-09  pgrad:  0.003314685 
iter:  20  f-value:  8.602562e-08  pgrad:  0.02660875 
iter:  20  f-value:  1.652896e-06  pgrad:  0.06340537 
iter:  30  f-value:  9.604278e-09  pgrad:  0.0009478528 
iter:  30  f-value:  2.974276e-08  pgrad:  0.004448617 
iter:  30  f-value:  1.629755e-07  pgrad:  0.008630134 
iter:  20  f-value:  9.251582e-05  pgrad:  0.08926961 
iter:  20  f-value:  4.956068e-07  pgrad:  0.04643458 
iter:  20  f-value:  2.265151e-08  pgrad:  0.002457945 
iter:  20  f-value:  1.350864e-08  pgrad:  0.004231493 
iter:  20  f-value:  3.902803e-05  pgrad:  0.462028 
iter:  30  f-value:  1.640937e-08  pgrad:  0.0005775125 
iter:  30  f-value:  3.669243e-07  pgrad:  0.004691313 
iter:  20  f-value:  1.51922e-05  pgrad:  0.3747639 
iter:  20  f-value:  0.003015571  pgrad:  0.8979319 
iter:  20  f-value:  6.178076e-08  pgrad:  0.005161605 
iter:  30  f-value:  5.84658e-09  pgrad:  0.0001030759 
iter:  30  f-value:  6.971555e-08  pgrad:  0.002199918 
iter:  20  f-value:  5.687111e-05  pgrad:  0.3374257 
iter:  20  f-value:  1.531023e-05  pgrad:  0.0782228 
iter:  30  f-value:  5.803199e-09  pgrad:  0.0002841748 
iter:  30  f-value:  2.58021e-08  pgrad:  0.001635363 
iter:  30  f-value:  2.263685e-08  pgrad:  0.004207453 
iter:  30  f-value:  8.99754e-09  pgrad:  0.000532093 
iter:  30  f-value:  1.083715e-08  pgrad:  0.0002938171 
iter:  20  f-value:  1.257483e-07  pgrad:  0.02946893 
iter:  30  f-value:  5.774665e-09  pgrad:  0.02146874 
iter:  40  f-value:  1.241911e-08  pgrad:  0.002676862 
iter:  30  f-value:  7.426326e-08  pgrad:  0.004353423 
iter:  30  f-value:  1.225956e-08  pgrad:  0.0004020516 
iter:  30  f-value:  2.56006e-08  pgrad:  0.01187925 
iter:  30  f-value:  8.285794e-09  pgrad:  0.001482681 
iter:  30  f-value:  1.015252e-07  pgrad:  0.002964312 
iter:  30  f-value:  1.034485e-08  pgrad:  0.00342529 
iter:  40  f-value:  7.08405e-09  pgrad:  0.00671828 
iter:  30  f-value:  1.617116e-08  pgrad:  0.0001561405 
iter:  30  f-value:  4.073949e-07  pgrad:  0.005008197 
iter:  40  f-value:  1.93145e-08  pgrad:  0.0002226272 
iter:  30  f-value:  8.441498e-06  pgrad:  0.3064528 
iter:  30  f-value:  1.382193e-08  pgrad:  0.001009768 
iter:  30  f-value:  5.936271e-08  pgrad:  0.006595596 
iter:  30  f-value:  9.680289e-09  pgrad:  0.001811328 
iter:  30  f-value:  1.48149e-08  pgrad:  9.651216e-05 
iter:  30  f-value:  4.796061e-08  pgrad:  0.001755991 
iter:  30  f-value:  4.351064e-09  pgrad:  0.002744065 
iter:  40  f-value:  1.549828e-08  pgrad:  0.0006005874 
iter:  30  f-value:  5.897117e-09  pgrad:  0.0003452149 
iter:  40  f-value:  9.893968e-09  pgrad:  0.007658756 
iter:  40  f-value:  3.175444e-08  pgrad:  0.0006225727 
