// Initial random seed:
31135219300974

// RunInitializeCallbacks():
initializeSLiMOptions(nucleotideBased = T);
initializeAncestralNucleotides("ATGAACTCTTCTGAGAGACG...");
initializeMutationTypeNuc(1, 0.5, "f", 0);
initializeGenomicElementType(1, m1, 1);
initializeGenomicElementType(2, m1, 1);
initializeRecombinationRate(2.5e-08);
initializeGenomicElement(g1, 0, 899);

// Starting run at generation <start>:
1001 

1100
1200
1300
1400
1500
1600
1700
1800
1900
2000
2100
2200
2300
2400
2500
2600
2700
2800
2900
3000
3100
3200
3300
3400
3500
3600
3700
3800
3900
4000
4100
4200
4300
4400
4500
4600
4700
4800
4900
5000
#OUT: 5001 F
Mutations:
