// Initial random seed:
31144179484877

// RunInitializeCallbacks():
initializeSLiMOptions(nucleotideBased = T);
initializeAncestralNucleotides("ATGAACTCTTCTGAGAGACG...");
initializeMutationTypeNuc(1, 0.5, "f", 0);
initializeGenomicElementType(1, m1, 1);
initializeGenomicElementType(2, m1, 1);
initializeRecombinationRate(2.5e-08);
initializeGenomicElement(g1, 0, 899);

// Starting run at generation <start>:
19401 

19500
19600
19700
19800
19900
20000
20100
20200
20300
20400
20500
20600
20700
20800
20900
21000
21100
21200
21300
21400
21500
21600
21700
21800
21900
22000
22100
22200
22300
22400
22500
22600
22700
22800
22900
23000
23100
23200
23300
23400
23500
23600
23700
23800
23900
24000
24100
24200
24300
24400
24500
24600
24700
24800
24900
25000
25100
25200
25300
25400
25500
25600
25700
25800
25900
26000
26100
26200
26300
26400
26500
#OUT: 26529 F
Mutations:
