// Initial random seed:
31148899560244

// RunInitializeCallbacks():
initializeSLiMOptions(nucleotideBased = T);
initializeAncestralNucleotides("ATGAACTCTTCTGAGAGACG...");
initializeMutationTypeNuc(1, 0.5, "f", 0);
initializeGenomicElementType(1, m1, 1);
initializeGenomicElementType(2, m1, 1);
initializeRecombinationRate(2.5e-08);
initializeGenomicElement(g1, 0, 899);

// Starting run at generation <start>:
26529 

26600
26700
26800
26900
27000
27100
27200
27300
27400
27500
27600
27700
27800
27900
28000
28100
28200
28300
28400
28500
28600
28700
28800
28900
29000
29100
29200
29300
29400
29500
29600
29700
29800
29900
30000
30100
30200
30300
30400
30500
30600
30700
30800
30900
31000
31100
31200
31300
31400
31500
31600
31700
31800
31900
32000
32100
32200
32300
32400
32500
32600
32700
32800
32900
33000
33100
33200
33300
33400
33500
33600
33700
33800
33900
34000
34100
34200
34300
34400
34500
34600
34700
34800
34900
35000
35100
35200
35300
35400
35500
35600
35700
35800
35900
36000
36100
36200
36300
36400
36500
36600
36700
36800
36900
37000
37100
37200
37300
37400
37500
37600
37700
37800
37900
38000
38100
38200
38300
38400
38500
38600
38700
38800
38900
39000
39100
39200
39300
39400
39500
39600
39700
39800
39900
40000
40100
40200
40300
40400
40500
40600
40700
40800
40900
41000
#OUT: 41001 F
Mutations:
