iter:  0  f-value:  0.1503367  pgrad:  0.8958663 
iter:  0  f-value:  0.2765983  pgrad:  0.8981613 
iter:  0  f-value:  0.1315707  pgrad:  0.8956988 
iter:  0  f-value:  0.05993446  pgrad:  0.8880106 
iter:  0  f-value:  0.2157148  pgrad:  0.8999995 
iter:  0  f-value:  0.2819121  pgrad:  0.8914761 
iter:  0  f-value:  0.2866977  pgrad:  0.8997618 
iter:  0  f-value:  0.1003286  pgrad:  0.8889039 
iter:  0  f-value:  0.1698521  pgrad:  0.8958351 
iter:  0  f-value:  0.3268048  pgrad:  0.8970904 
iter:  0  f-value:  0.2621985  pgrad:  0.8967468 
iter:  0  f-value:  0.1114612  pgrad:  0.8878612 
iter:  0  f-value:  0.1434643  pgrad:  0.8937362 
iter:  0  f-value:  0.1057624  pgrad:  0.882223 
iter:  0  f-value:  0.1423776  pgrad:  0.899301 
iter:  0  f-value:  0.2595217  pgrad:  0.8949417 
iter:  0  f-value:  0.2045027  pgrad:  0.8878612 
iter:  0  f-value:  0.2041566  pgrad:  0.8958948 
iter:  0  f-value:  0.1413457  pgrad:  0.8984728 
iter:  0  f-value:  0.3316279  pgrad:  0.880749 
iter:  0  f-value:  0.0862646  pgrad:  0.8907709 
iter:  0  f-value:  0.2566108  pgrad:  0.5186886 
iter:  0  f-value:  0.1698435  pgrad:  0.8935954 
iter:  0  f-value:  0.2947227  pgrad:  0.5125617 
iter:  0  f-value:  0.1036809  pgrad:  0.890641 
iter:  0  f-value:  0.1728462  pgrad:  0.8989614 
iter:  0  f-value:  0.2475628  pgrad:  0.8996963 
iter:  0  f-value:  0.07833615  pgrad:  0.8981999 
iter:  0  f-value:  0.03254953  pgrad:  0.8902704 
iter:  0  f-value:  0.1276496  pgrad:  0.8945066 
iter:  0  f-value:  0.1697474  pgrad:  0.8962903 
iter:  0  f-value:  0.1603518  pgrad:  0.8984493 
iter:  0  f-value:  0.1924472  pgrad:  0.8987429 
iter:  0  f-value:  0.1982422  pgrad:  0.8967907 
iter:  0  f-value:  0.2119363  pgrad:  0.8988841 
iter:  0  f-value:  0.0695941  pgrad:  0.890837 
iter:  0  f-value:  0.1258914  pgrad:  0.8992667 
iter:  10  f-value:  0.01186384  pgrad:  0.8825044 
iter:  10  f-value:  0.00381116  pgrad:  0.512289 
iter:  10  f-value:  0.002206867  pgrad:  0.5173457 
iter:  10  f-value:  0.0003935816  pgrad:  0.4970053 
iter:  10  f-value:  0.0004416868  pgrad:  0.6717446 
iter:  10  f-value:  5.763458e-05  pgrad:  0.1281185 
iter:  10  f-value:  0.0001693309  pgrad:  0.4556229 
iter:  10  f-value:  0.0003018168  pgrad:  0.2725331 
iter:  10  f-value:  0.0005669767  pgrad:  0.3986457 
iter:  10  f-value:  0.0001390177  pgrad:  0.2545922 
iter:  10  f-value:  1.221186e-05  pgrad:  0.09779218 
iter:  10  f-value:  0.0001281493  pgrad:  0.1999481 
iter:  10  f-value:  0.001963992  pgrad:  0.5073795 
iter:  10  f-value:  0.0001117598  pgrad:  0.2021342 
iter:  10  f-value:  0.0001973588  pgrad:  0.2058952 
iter:  10  f-value:  0.0003160404  pgrad:  0.2043722 
iter:  10  f-value:  0.01033783  pgrad:  0.5210809 
iter:  10  f-value:  0.0007717622  pgrad:  0.3647333 
iter:  10  f-value:  0.0002339765  pgrad:  0.2921348 
iter:  10  f-value:  0.004053972  pgrad:  0.5172338 
iter:  10  f-value:  0.005658573  pgrad:  0.897201 
iter:  10  f-value:  0.005240183  pgrad:  0.5152272 
iter:  10  f-value:  0.0001981397  pgrad:  0.3118321 
iter:  10  f-value:  0.0001701929  pgrad:  0.2378926 
iter:  10  f-value:  0.002112156  pgrad:  0.5187047 
iter:  10  f-value:  0.001726014  pgrad:  0.5200099 
iter:  10  f-value:  0.0007148695  pgrad:  0.4428243 
iter:  10  f-value:  0.0003113117  pgrad:  0.4195037 
iter:  10  f-value:  0.0003206334  pgrad:  0.4399082 
iter:  10  f-value:  0.004645345  pgrad:  0.5239586 
iter:  10  f-value:  0.0003878425  pgrad:  0.2443901 
iter:  10  f-value:  0.0002112119  pgrad:  0.2933988 
iter:  10  f-value:  0.00773844  pgrad:  0.5214856 
iter:  10  f-value:  5.687847e-05  pgrad:  0.2201359 
iter:  10  f-value:  0.003803448  pgrad:  0.5049777 
iter:  10  f-value:  0.0007854953  pgrad:  0.3944198 
iter:  10  f-value:  0.0004447911  pgrad:  0.2440966 
iter:  20  f-value:  0.0002765262  pgrad:  0.9056344 
iter:  20  f-value:  1.26011e-07  pgrad:  0.02249043 
iter:  20  f-value:  6.304687e-08  pgrad:  0.01956972 
iter:  20  f-value:  1.452309e-05  pgrad:  0.05241472 
iter:  20  f-value:  1.703994e-06  pgrad:  0.06542254 
iter:  20  f-value:  1.097245e-06  pgrad:  0.03936475 
iter:  20  f-value:  9.629474e-06  pgrad:  0.0647139 
iter:  20  f-value:  1.471882e-06  pgrad:  0.1667013 
iter:  20  f-value:  1.632695e-07  pgrad:  0.0171109 
iter:  20  f-value:  0.00126553  pgrad:  0.8933756 
iter:  20  f-value:  5.101573e-07  pgrad:  0.02061484 
iter:  20  f-value:  1.3649e-06  pgrad:  0.1255553 
iter:  20  f-value:  1.585509e-08  pgrad:  0.005609846 
iter:  20  f-value:  1.546596e-06  pgrad:  0.03925991 
iter:  20  f-value:  1.23977e-07  pgrad:  0.0167245 
iter:  20  f-value:  7.079861e-08  pgrad:  0.004304897 
iter:  20  f-value:  5.429287e-07  pgrad:  0.06826885 
iter:  20  f-value:  9.481381e-09  pgrad:  0.0004979928 
iter:  20  f-value:  0.0001211056  pgrad:  0.2621483 
iter:  20  f-value:  1.341103e-07  pgrad:  0.01095611 
iter:  20  f-value:  0.0001250515  pgrad:  0.9051583 
iter:  20  f-value:  2.334622e-07  pgrad:  0.01933737 
iter:  20  f-value:  4.732534e-07  pgrad:  0.007032481 
iter:  20  f-value:  1.432341e-07  pgrad:  0.02004277 
iter:  20  f-value:  2.26086e-05  pgrad:  0.4563225 
iter:  20  f-value:  1.518898e-05  pgrad:  0.374714 
iter:  20  f-value:  3.441183e-09  pgrad:  0.0007586643 
iter:  20  f-value:  9.312265e-08  pgrad:  0.0356205 
iter:  20  f-value:  8.27431e-08  pgrad:  0.02815187 
iter:  20  f-value:  4.983603e-05  pgrad:  0.232909 
iter:  20  f-value:  3.523702e-07  pgrad:  0.00912042 
iter:  30  f-value:  1.275905e-07  pgrad:  0.002158021 
iter:  0  f-value:  0.1257085  pgrad:  0.8997139 
iter:  20  f-value:  5.999415e-05  pgrad:  0.9045455 
iter:  30  f-value:  6.456268e-09  pgrad:  0.0003831548 
iter:  20  f-value:  1.15242e-07  pgrad:  0.02316991 
iter:  20  f-value:  0.0002169977  pgrad:  0.9040084 
iter:  20  f-value:  1.681856e-05  pgrad:  0.08627372 
iter:  20  f-value:  4.359374e-07  pgrad:  0.03997584 
iter:  20  f-value:  1.632773e-06  pgrad:  0.08097601 
iter:  0  f-value:  0.1750714  pgrad:  0.8986275 
iter:  30  f-value:  1.221458e-07  pgrad:  0.03441475 
iter:  30  f-value:  4.366906e-09  pgrad:  8.804778e-05 
iter:  30  f-value:  3.252939e-08  pgrad:  0.01392132 
iter:  30  f-value:  8.393228e-09  pgrad:  0.001695428 
iter:  0  f-value:  0.1825911  pgrad:  0.8960576 
iter:  0  f-value:  0.1532846  pgrad:  0.8951744 
iter:  30  f-value:  1.028213e-08  pgrad:  0.0002551314 
iter:  30  f-value:  4.01601e-08  pgrad:  0.01813455 
iter:  30  f-value:  1.010958e-08  pgrad:  0.003442205 
iter:  30  f-value:  1.114474e-07  pgrad:  0.002565423 
iter:  30  f-value:  1.946299e-08  pgrad:  0.003786925 
iter:  30  f-value:  9.107279e-08  pgrad:  0.005184252 
iter:  30  f-value:  4.556365e-09  pgrad:  0.0003248158 
iter:  30  f-value:  1.638513e-08  pgrad:  0.001706448 
iter:  30  f-value:  6.879213e-08  pgrad:  0.002539548 
iter:  0  f-value:  0.1837908  pgrad:  0.8985611 
iter:  30  f-value:  1.481968e-08  pgrad:  0.0004232332 
iter:  30  f-value:  6.823782e-09  pgrad:  0.0005608176 
iter:  0  f-value:  0.1526493  pgrad:  0.8973695 
iter:  30  f-value:  1.599106e-08  pgrad:  0.000930508 
iter:  30  f-value:  4.796931e-08  pgrad:  0.001756221 
iter:  30  f-value:  3.7713e-09  pgrad:  0.0008224814 
iter:  30  f-value:  4.317647e-08  pgrad:  0.02763848 
iter:  30  f-value:  1.151396e-08  pgrad:  0.003554412 
iter:  30  f-value:  1.039978e-08  pgrad:  0.0003615185 
iter:  30  f-value:  1.715691e-08  pgrad:  0.001444408 
iter:  10  f-value:  0.006342871  pgrad:  0.512147 
iter:  30  f-value:  7.391932e-09  pgrad:  0.0004331724 
iter:  40  f-value:  4.323313e-08  pgrad:  0.01006564 
iter:  0  f-value:  0.2756123  pgrad:  0.8997431 
iter:  30  f-value:  4.882262e-09  pgrad:  0.001153061 
iter:  10  f-value:  0.001420287  pgrad:  0.5195893 
iter:  0  f-value:  0.2439507  pgrad:  0.8992844 
iter:  30  f-value:  6.689399e-09  pgrad:  0.00308466 
iter:  40  f-value:  1.757803e-09  pgrad:  8.264646e-05 
iter:  10  f-value:  0.000879221  pgrad:  0.3337046 
iter:  0  f-value:  0.1090043  pgrad:  0.8956546 
iter:  10  f-value:  0.001312408  pgrad:  0.829916 
iter:  40  f-value:  7.468044e-09  pgrad:  0.001361222 
iter:  0  f-value:  0.1710552  pgrad:  0.8984734 
iter:  10  f-value:  0.001183479  pgrad:  0.3152446 
iter:  10  f-value:  0.000755357  pgrad:  0.4846352 
iter:  40  f-value:  4.183845e-08  pgrad:  0.023053 
iter:  0  f-value:  0.1784432  pgrad:  0.8975721 
iter:  0  f-value:  0.194105  pgrad:  0.8988842 
iter:  20  f-value:  8.187372e-06  pgrad:  0.03646647 
iter:  10  f-value:  0.0005101565  pgrad:  0.4029567 
iter:  20  f-value:  0.0002336719  pgrad:  0.8967056 
iter:  10  f-value:  0.001582327  pgrad:  0.4357634 
iter:  20  f-value:  7.57553e-05  pgrad:  0.9001269 
iter:  10  f-value:  0.0007589943  pgrad:  0.5119012 
iter:  0  f-value:  0.2240938  pgrad:  0.899088 
iter:  20  f-value:  4.318758e-07  pgrad:  0.03589715 
iter:  20  f-value:  3.402945e-08  pgrad:  0.004572382 
iter:  10  f-value:  4.00807e-05  pgrad:  0.1513656 
iter:  20  f-value:  1.326389e-07  pgrad:  0.01297885 
iter:  10  f-value:  0.002221606  pgrad:  0.5076451 
iter:  10  f-value:  0.0002934623  pgrad:  0.3498532 
iter:  30  f-value:  7.093262e-07  pgrad:  0.08754772 
iter:  30  f-value:  8.79142e-09  pgrad:  0.002491193 
iter:  20  f-value:  0.0001579713  pgrad:  0.9056382 
iter:  30  f-value:  1.609239e-07  pgrad:  0.00364355 
iter:  20  f-value:  6.607459e-06  pgrad:  0.1640113 
iter:  30  f-value:  8.326617e-09  pgrad:  0.001554562 
iter:  20  f-value:  1.004682e-07  pgrad:  0.02946632 
iter:  10  f-value:  0.001854309  pgrad:  0.4542124 
iter:  20  f-value:  1.845364e-07  pgrad:  0.02658571 
iter:  30  f-value:  1.135776e-08  pgrad:  0.0001449173 
iter:  20  f-value:  5.562562e-06  pgrad:  0.1317924 
iter:  20  f-value:  2.655453e-06  pgrad:  0.1184407 
iter:  30  f-value:  1.730395e-08  pgrad:  0.005052167 
iter:  40  f-value:  9.179107e-09  pgrad:  0.0002798278 
iter:  30  f-value:  3.941368e-08  pgrad:  0.004968037 
iter:  20  f-value:  1.875112e-07  pgrad:  0.01288074 
iter:  30  f-value:  3.628989e-09  pgrad:  0.003664388 
iter:  30  f-value:  1.145694e-08  pgrad:  0.0008836923 
iter:  30  f-value:  2.119843e-08  pgrad:  0.0003241016 
iter:  30  f-value:  1.161848e-08  pgrad:  0.0003460587 
iter:  40  f-value:  6.237077e-09  pgrad:  0.0001078353 
iter:  40  f-value:  1.598972e-08  pgrad:  0.0001351714 
iter:  30  f-value:  2.251443e-08  pgrad:  0.004200392 
iter:  40  f-value:  6.636914e-09  pgrad:  0.03354559 
